<?xml version="1.0" encoding="UTF-8"?>
<testsuite xmlns:xsi="http://www.w3.org/2001/XMLSchema-instance" xsi:noNamespaceSchemaLocation="https://maven.apache.org/surefire/maven-surefire-plugin/xsd/surefire-test-report-3.0.xsd" version="3.0" name="com.lucas.stackitem.controller.ProdutoControllerTest" time="13.388" tests="9" errors="0" skipped="0" failures="0">
  <properties>
[...]
</properties>
  <testcase name="testDeleteNotFound" classname="com.lucas.stackitem.controller.ProdutoControllerTest" time="0.513">
    <system-out><![CDATA[12:29:38.221 [main] INFO org.springframework.test.context.support.AnnotationConfigContextLoaderUtils -- Could not detect default configuration classes for test class [com.lucas.stackitem.controller.ProdutoControllerTest]: ProdutoControllerTest does not declare any static, non-private, non-final, nested classes annotated with @Configuration.
12:29:38.805 [main] INFO org.springframework.boot.test.context.SpringBootTestContextBootstrapper -- Found @SpringBootConfiguration com.lucas.stackitem.StackitemApplication for test class com.lucas.stackitem.controller.ProdutoControllerTest

    __                          ____              _                       
   / /   __  __________  _____ / __ \___ _   __  (_)___ __   ______ _     
  / /   / / / / ___/ __ `/ ___// / / / _ \ | / / / / __ `/ | / / __ `/     
 / /___/ /_/ / /__/ /_/ (__  )/ /_/ /  __/ |/ / / / /_/ /| |/ / /_/ /      
/_____/\__,_/\___/\__,_/____//_____/\___/|___/_/ /\__,_/ |___/\__,_/       
                                            /___/                          
================================================================================
 :: Status     : Em Desenvolvimento (Pre-Alpha)
 :: App Version: 1.0.0
 :: Spring Boot: v3.2.0
================================================================================

2026-05-18T12:29:40.838-03:00  INFO 26397 --- [           main] c.l.s.controller.ProdutoControllerTest   : Starting ProdutoControllerTest using Java 21.0.11 with PID 26397 (started by lucas in /home/lucas/git/stackItem)
2026-05-18T12:29:40.841-03:00 DEBUG 26397 --- [           main] c.l.s.controller.ProdutoControllerTest   : Running with Spring Boot v3.2.0, Spring v6.1.1
2026-05-18T12:29:40.842-03:00  INFO 26397 --- [           main] c.l.s.controller.ProdutoControllerTest   : The following 1 profile is active: "dev"
2026-05-18T12:29:46.161-03:00  WARN 26397 --- [           main] .s.s.UserDetailsServiceAutoConfiguration : 

Using generated security password: 540aa521-e767-4553-b528-81c1455589a1

This generated password is for development use only. Your security configuration must be updated before running your application in production.

2026-05-18T12:29:47.598-03:00  INFO 26397 --- [           main] o.s.s.web.DefaultSecurityFilterChain     : Will secure any request with [org.springframework.security.web.session.DisableEncodeUrlFilter@39b265c9, org.springframework.security.web.context.request.async.WebAsyncManagerIntegrationFilter@2c64e2d0, org.springframework.security.web.context.SecurityContextPersistenceFilter@294aaa6, org.springframework.security.web.header.HeaderWriterFilter@373c367, org.springframework.web.filter.CorsFilter@45da40ad, org.springframework.security.web.authentication.logout.LogoutFilter@39240aa3, org.springframework.security.web.savedrequest.RequestCacheAwareFilter@2ee949d4, org.springframework.security.web.servletapi.SecurityContextHolderAwareRequestFilter@57e9cd2, org.springframework.security.web.authentication.AnonymousAuthenticationFilter@11f6a083, org.springframework.security.web.access.ExceptionTranslationFilter@2b57dc2, org.springframework.security.web.access.intercept.AuthorizationFilter@5697f801]
2026-05-18T12:29:48.974-03:00  INFO 26397 --- [           main] o.s.b.t.m.w.SpringBootMockServletContext : Initializing Spring TestDispatcherServlet ''
2026-05-18T12:29:48.975-03:00  INFO 26397 --- [           main] o.s.t.web.servlet.TestDispatcherServlet  : Initializing Servlet ''
2026-05-18T12:29:48.982-03:00  INFO 26397 --- [           main] o.s.t.web.servlet.TestDispatcherServlet  : Completed initialization in 7 ms
2026-05-18T12:29:49.701-03:00  INFO 26397 --- [           main] c.l.s.controller.ProdutoControllerTest   : Started ProdutoControllerTest in 10.548 seconds (process running for 13.961)
2026-05-18T12:29:49.964-03:00 DEBUG 26397 --- [           main] o.s.security.web.FilterChainProxy        : Securing DELETE /products/99
2026-05-18T12:29:49.977-03:00 DEBUG 26397 --- [           main] s.s.w.c.SecurityContextPersistenceFilter : Set SecurityContextHolder to empty SecurityContext
2026-05-18T12:29:49.984-03:00  WARN 26397 --- [           main] o.s.w.s.h.HandlerMappingIntrospector     : Cache miss for REQUEST dispatch to '/products/99' (previous null). Performing CorsConfiguration lookup. This is logged once only at WARN level, and every time at TRACE.
2026-05-18T12:29:50.027-03:00 DEBUG 26397 --- [           main] o.s.security.web.FilterChainProxy        : Secured DELETE /products/99
2026-05-18T12:29:50.184-03:00 DEBUG 26397 --- [           main] o.s.s.w.a.AnonymousAuthenticationFilter  : Set SecurityContextHolder to anonymous SecurityContext
2026-05-18T12:29:50.185-03:00 DEBUG 26397 --- [           main] w.c.HttpSessionSecurityContextRepository : Did not store anonymous SecurityContext
2026-05-18T12:29:50.186-03:00 DEBUG 26397 --- [           main] s.s.w.c.SecurityContextPersistenceFilter : Cleared SecurityContextHolder to complete request
]]></system-out>
    <system-err><![CDATA[WARNING: A Java agent has been loaded dynamically (/home/lucas/.m2/repository/net/bytebuddy/byte-buddy-agent/1.14.10/byte-buddy-agent-1.14.10.jar)
WARNING: If a serviceability tool is in use, please run with -XX:+EnableDynamicAgentLoading to hide this warning
WARNING: If a serviceability tool is not in use, please run with -Djdk.instrument.traceUsage for more information
WARNING: Dynamic loading of agents will be disallowed by default in a future release
]]></system-err>
  </testcase>
  <testcase name="testFindAllEmpty" classname="com.lucas.stackitem.controller.ProdutoControllerTest" time="0.209">
    <system-out><![CDATA[2026-05-18T12:29:50.319-03:00 DEBUG 26397 --- [           main] o.s.security.web.FilterChainProxy        : Securing GET /products
2026-05-18T12:29:50.319-03:00 DEBUG 26397 --- [           main] s.s.w.c.SecurityContextPersistenceFilter : Set SecurityContextHolder to empty SecurityContext
2026-05-18T12:29:50.320-03:00 DEBUG 26397 --- [           main] o.s.security.web.FilterChainProxy        : Secured GET /products
2026-05-18T12:29:50.364-03:00 DEBUG 26397 --- [           main] o.s.s.w.a.AnonymousAuthenticationFilter  : Set SecurityContextHolder to anonymous SecurityContext
2026-05-18T12:29:50.364-03:00 DEBUG 26397 --- [           main] w.c.HttpSessionSecurityContextRepository : Did not store anonymous SecurityContext
2026-05-18T12:29:50.365-03:00 DEBUG 26397 --- [           main] w.c.HttpSessionSecurityContextRepository : Did not store anonymous SecurityContext
2026-05-18T12:29:50.366-03:00 DEBUG 26397 --- [           main] s.s.w.c.SecurityContextPersistenceFilter : Cleared SecurityContextHolder to complete request
]]></system-out>
  </testcase>
  <testcase name="testFindAll" classname="com.lucas.stackitem.controller.ProdutoControllerTest" time="0.16">
    <system-out><![CDATA[2026-05-18T12:29:50.542-03:00 DEBUG 26397 --- [           main] o.s.security.web.FilterChainProxy        : Securing GET /products
2026-05-18T12:29:50.544-03:00 DEBUG 26397 --- [           main] s.s.w.c.SecurityContextPersistenceFilter : Set SecurityContextHolder to empty SecurityContext
2026-05-18T12:29:50.547-03:00 DEBUG 26397 --- [           main] o.s.security.web.FilterChainProxy        : Secured GET /products
2026-05-18T12:29:50.655-03:00 DEBUG 26397 --- [           main] o.s.s.w.a.AnonymousAuthenticationFilter  : Set SecurityContextHolder to anonymous SecurityContext
2026-05-18T12:29:50.655-03:00 DEBUG 26397 --- [           main] w.c.HttpSessionSecurityContextRepository : Did not store anonymous SecurityContext
2026-05-18T12:29:50.656-03:00 DEBUG 26397 --- [           main] w.c.HttpSessionSecurityContextRepository : Did not store anonymous SecurityContext
2026-05-18T12:29:50.656-03:00 DEBUG 26397 --- [           main] s.s.w.c.SecurityContextPersistenceFilter : Cleared SecurityContextHolder to complete request
]]></system-out>
  </testcase>
  <testcase name="testFindById" classname="com.lucas.stackitem.controller.ProdutoControllerTest" time="0.032">
    <system-out><![CDATA[2026-05-18T12:29:50.672-03:00 DEBUG 26397 --- [           main] o.s.security.web.FilterChainProxy        : Securing GET /products/1
2026-05-18T12:29:50.673-03:00 DEBUG 26397 --- [           main] s.s.w.c.SecurityContextPersistenceFilter : Set SecurityContextHolder to empty SecurityContext
2026-05-18T12:29:50.676-03:00 DEBUG 26397 --- [           main] o.s.security.web.FilterChainProxy        : Secured GET /products/1
2026-05-18T12:29:50.687-03:00 DEBUG 26397 --- [           main] o.s.s.w.a.AnonymousAuthenticationFilter  : Set SecurityContextHolder to anonymous SecurityContext
2026-05-18T12:29:50.688-03:00 DEBUG 26397 --- [           main] w.c.HttpSessionSecurityContextRepository : Did not store anonymous SecurityContext
2026-05-18T12:29:50.688-03:00 DEBUG 26397 --- [           main] w.c.HttpSessionSecurityContextRepository : Did not store anonymous SecurityContext
2026-05-18T12:29:50.689-03:00 DEBUG 26397 --- [           main] s.s.w.c.SecurityContextPersistenceFilter : Cleared SecurityContextHolder to complete request
]]></system-out>
  </testcase>
  <testcase name="testFindByIdNotFound" classname="com.lucas.stackitem.controller.ProdutoControllerTest" time="0.04">
    <system-out><![CDATA[2026-05-18T12:29:50.731-03:00 DEBUG 26397 --- [           main] o.s.security.web.FilterChainProxy        : Securing GET /products/99
2026-05-18T12:29:50.731-03:00 DEBUG 26397 --- [           main] s.s.w.c.SecurityContextPersistenceFilter : Set SecurityContextHolder to empty SecurityContext
2026-05-18T12:29:50.732-03:00 DEBUG 26397 --- [           main] o.s.security.web.FilterChainProxy        : Secured GET /products/99
2026-05-18T12:29:50.738-03:00 DEBUG 26397 --- [           main] o.s.s.w.a.AnonymousAuthenticationFilter  : Set SecurityContextHolder to anonymous SecurityContext
2026-05-18T12:29:50.741-03:00 DEBUG 26397 --- [           main] w.c.HttpSessionSecurityContextRepository : Did not store anonymous SecurityContext
2026-05-18T12:29:50.741-03:00 DEBUG 26397 --- [           main] s.s.w.c.SecurityContextPersistenceFilter : Cleared SecurityContextHolder to complete request
]]></system-out>
  </testcase>
  <testcase name="testUpdateNotFound" classname="com.lucas.stackitem.controller.ProdutoControllerTest" time="0.183">
    <system-out><![CDATA[2026-05-18T12:29:50.784-03:00 DEBUG 26397 --- [           main] o.s.security.web.FilterChainProxy        : Securing PUT /products/99
2026-05-18T12:29:50.784-03:00 DEBUG 26397 --- [           main] s.s.w.c.SecurityContextPersistenceFilter : Set SecurityContextHolder to empty SecurityContext
2026-05-18T12:29:50.785-03:00 DEBUG 26397 --- [           main] o.s.security.web.FilterChainProxy        : Secured PUT /products/99
2026-05-18T12:29:50.932-03:00 DEBUG 26397 --- [           main] o.s.s.w.a.AnonymousAuthenticationFilter  : Set SecurityContextHolder to anonymous SecurityContext
2026-05-18T12:29:50.933-03:00 DEBUG 26397 --- [           main] w.c.HttpSessionSecurityContextRepository : Did not store anonymous SecurityContext
2026-05-18T12:29:50.933-03:00 DEBUG 26397 --- [           main] s.s.w.c.SecurityContextPersistenceFilter : Cleared SecurityContextHolder to complete request
]]></system-out>
  </testcase>
  <testcase name="testCreate" classname="com.lucas.stackitem.controller.ProdutoControllerTest" time="0.026">
    <system-out><![CDATA[2026-05-18T12:29:50.962-03:00 DEBUG 26397 --- [           main] o.s.security.web.FilterChainProxy        : Securing POST /products
2026-05-18T12:29:50.963-03:00 DEBUG 26397 --- [           main] s.s.w.c.SecurityContextPersistenceFilter : Set SecurityContextHolder to empty SecurityContext
2026-05-18T12:29:50.964-03:00 DEBUG 26397 --- [           main] o.s.security.web.FilterChainProxy        : Secured POST /products
2026-05-18T12:29:50.970-03:00 DEBUG 26397 --- [           main] o.s.s.w.a.AnonymousAuthenticationFilter  : Set SecurityContextHolder to anonymous SecurityContext
2026-05-18T12:29:50.970-03:00 DEBUG 26397 --- [           main] w.c.HttpSessionSecurityContextRepository : Did not store anonymous SecurityContext
2026-05-18T12:29:50.971-03:00 DEBUG 26397 --- [           main] w.c.HttpSessionSecurityContextRepository : Did not store anonymous SecurityContext
2026-05-18T12:29:50.971-03:00 DEBUG 26397 --- [           main] s.s.w.c.SecurityContextPersistenceFilter : Cleared SecurityContextHolder to complete request
]]></system-out>
  </testcase>
  <testcase name="testDelete" classname="com.lucas.stackitem.controller.ProdutoControllerTest" time="0.013">
    <system-out><![CDATA[2026-05-18T12:29:50.984-03:00 DEBUG 26397 --- [           main] o.s.security.web.FilterChainProxy        : Securing DELETE /products/1
2026-05-18T12:29:50.985-03:00 DEBUG 26397 --- [           main] s.s.w.c.SecurityContextPersistenceFilter : Set SecurityContextHolder to empty SecurityContext
2026-05-18T12:29:50.986-03:00 DEBUG 26397 --- [           main] o.s.security.web.FilterChainProxy        : Secured DELETE /products/1
2026-05-18T12:29:50.987-03:00 DEBUG 26397 --- [           main] o.s.s.w.a.AnonymousAuthenticationFilter  : Set SecurityContextHolder to anonymous SecurityContext
2026-05-18T12:29:50.988-03:00 DEBUG 26397 --- [           main] w.c.HttpSessionSecurityContextRepository : Did not store anonymous SecurityContext
2026-05-18T12:29:50.988-03:00 DEBUG 26397 --- [           main] s.s.w.c.SecurityContextPersistenceFilter : Cleared SecurityContextHolder to complete request
]]></system-out>
  </testcase>
  <testcase name="testUpdate" classname="com.lucas.stackitem.controller.ProdutoControllerTest" time="0.016">
    <system-out><![CDATA[2026-05-18T12:29:50.999-03:00 DEBUG 26397 --- [           main] o.s.security.web.FilterChainProxy        : Securing PUT /products/1
2026-05-18T12:29:50.999-03:00 DEBUG 26397 --- [           main] s.s.w.c.SecurityContextPersistenceFilter : Set SecurityContextHolder to empty SecurityContext
2026-05-18T12:29:51.000-03:00 DEBUG 26397 --- [           main] o.s.security.web.FilterChainProxy        : Secured PUT /products/1
2026-05-18T12:29:51.004-03:00 DEBUG 26397 --- [           main] o.s.s.w.a.AnonymousAuthenticationFilter  : Set SecurityContextHolder to anonymous SecurityContext
2026-05-18T12:29:51.004-03:00 DEBUG 26397 --- [           main] w.c.HttpSessionSecurityContextRepository : Did not store anonymous SecurityContext
2026-05-18T12:29:51.005-03:00 DEBUG 26397 --- [           main] w.c.HttpSessionSecurityContextRepository : Did not store anonymous SecurityContext
2026-05-18T12:29:51.005-03:00 DEBUG 26397 --- [           main] s.s.w.c.SecurityContextPersistenceFilter : Cleared SecurityContextHolder to complete request
]]></system-out>
  </testcase>
</testsuite>