<?xml version="1.0" encoding="UTF-8"?>
<testsuite xmlns:xsi="http://www.w3.org/2001/XMLSchema-instance" xsi:noNamespaceSchemaLocation="https://maven.apache.org/surefire/maven-surefire-plugin/xsd/surefire-test-report-3.0.xsd" version="3.0" name="com.lucas.stackitem.controller.UsuarioControllerTest" time="7.738" tests="13" errors="0" skipped="0" failures="0">
  <properties>
[...]
</properties>
  <testcase name="testDeleteNotFound" classname="com.lucas.stackitem.controller.UsuarioControllerTest" time="0.229">
    <system-out><![CDATA[03:36:54.980 [main] INFO org.springframework.test.context.support.AnnotationConfigContextLoaderUtils -- Could not detect default configuration classes for test class [com.lucas.stackitem.controller.UsuarioControllerTest]: UsuarioControllerTest does not declare any static, non-private, non-final, nested classes annotated with @Configuration.
03:36:55.447 [main] INFO org.springframework.boot.test.context.SpringBootTestContextBootstrapper -- Found @SpringBootConfiguration com.lucas.stackitem.StackitemApplication for test class com.lucas.stackitem.controller.UsuarioControllerTest

    __                          ____              _                       
   / /   __  __________  _____ / __ \___ _   __  (_)___ __   ______ _     
  / /   / / / / ___/ __ `/ ___// / / / _ \ | / / / / __ `/ | / / __ `/     
 / /___/ /_/ / /__/ /_/ (__  )/ /_/ /  __/ |/ / / / /_/ /| |/ / /_/ /      
/_____/\__,_/\___/\__,_/____//_____/\___/|___/_/ /\__,_/ |___/\__,_/       
                                            /___/                          
================================================================================
 :: Status     : Em Desenvolvimento (Pre-Alpha)
 :: App Version: 1.0.0
 :: Spring Boot: v3.2.0
================================================================================

2026-05-20T03:36:56.737-03:00  INFO 43073 --- [           main] c.l.s.controller.UsuarioControllerTest   : Starting UsuarioControllerTest using Java 21.0.11 with PID 43073 (started by lucas in /home/lucas/git/stackItem)
2026-05-20T03:36:56.738-03:00 DEBUG 43073 --- [           main] c.l.s.controller.UsuarioControllerTest   : Running with Spring Boot v3.2.0, Spring v6.1.1
2026-05-20T03:36:56.739-03:00  INFO 43073 --- [           main] c.l.s.controller.UsuarioControllerTest   : The following 1 profile is active: "dev"
2026-05-20T03:36:59.376-03:00  WARN 43073 --- [           main] .s.s.UserDetailsServiceAutoConfiguration : 

Using generated security password: 39819cb1-c2a5-4e62-9604-9b5a02c7737c

This generated password is for development use only. Your security configuration must be updated before running your application in production.

2026-05-20T03:37:00.351-03:00  INFO 43073 --- [           main] o.s.s.web.DefaultSecurityFilterChain     : Will secure any request with [org.springframework.security.web.session.DisableEncodeUrlFilter@39ae0bff, org.springframework.security.web.context.request.async.WebAsyncManagerIntegrationFilter@654e793f, org.springframework.security.web.context.SecurityContextPersistenceFilter@2c59b9f4, org.springframework.security.web.header.HeaderWriterFilter@69a8617c, org.springframework.web.filter.CorsFilter@29e9d47b, org.springframework.security.web.authentication.logout.LogoutFilter@661ec798, org.springframework.security.web.savedrequest.RequestCacheAwareFilter@54cb2cee, org.springframework.security.web.servletapi.SecurityContextHolderAwareRequestFilter@12ef8410, org.springframework.security.web.authentication.AnonymousAuthenticationFilter@39ee039d, org.springframework.security.web.access.ExceptionTranslationFilter@346d441a, org.springframework.security.web.access.intercept.AuthorizationFilter@3f7e72a7]
2026-05-20T03:37:01.136-03:00  INFO 43073 --- [           main] o.s.b.t.m.w.SpringBootMockServletContext : Initializing Spring TestDispatcherServlet ''
2026-05-20T03:37:01.136-03:00  INFO 43073 --- [           main] o.s.t.web.servlet.TestDispatcherServlet  : Initializing Servlet ''
2026-05-20T03:37:01.138-03:00  INFO 43073 --- [           main] o.s.t.web.servlet.TestDispatcherServlet  : Completed initialization in 2 ms
2026-05-20T03:37:01.389-03:00  INFO 43073 --- [           main] c.l.s.controller.UsuarioControllerTest   : Started UsuarioControllerTest in 5.7 seconds (process running for 15.056)
2026-05-20T03:37:01.456-03:00 DEBUG 43073 --- [           main] o.s.security.web.FilterChainProxy        : Securing DELETE /users/99
2026-05-20T03:37:01.467-03:00 DEBUG 43073 --- [           main] s.s.w.c.SecurityContextPersistenceFilter : Set SecurityContextHolder to empty SecurityContext
2026-05-20T03:37:01.469-03:00  WARN 43073 --- [           main] o.s.w.s.h.HandlerMappingIntrospector     : Cache miss for REQUEST dispatch to '/users/99' (previous null). Performing CorsConfiguration lookup. This is logged once only at WARN level, and every time at TRACE.
2026-05-20T03:37:01.506-03:00 DEBUG 43073 --- [           main] o.s.security.web.FilterChainProxy        : Secured DELETE /users/99
2026-05-20T03:37:01.595-03:00 DEBUG 43073 --- [           main] o.s.s.w.a.AnonymousAuthenticationFilter  : Set SecurityContextHolder to anonymous SecurityContext
2026-05-20T03:37:01.597-03:00 DEBUG 43073 --- [           main] w.c.HttpSessionSecurityContextRepository : Did not store anonymous SecurityContext
2026-05-20T03:37:01.598-03:00 DEBUG 43073 --- [           main] s.s.w.c.SecurityContextPersistenceFilter : Cleared SecurityContextHolder to complete request
]]></system-out>
  </testcase>
  <testcase name="testFindAllEmpty" classname="com.lucas.stackitem.controller.UsuarioControllerTest" time="0.136">
    <system-out><![CDATA[2026-05-20T03:37:01.638-03:00 DEBUG 43073 --- [           main] o.s.security.web.FilterChainProxy        : Securing GET /users
2026-05-20T03:37:01.639-03:00 DEBUG 43073 --- [           main] s.s.w.c.SecurityContextPersistenceFilter : Set SecurityContextHolder to empty SecurityContext
2026-05-20T03:37:01.639-03:00 DEBUG 43073 --- [           main] o.s.security.web.FilterChainProxy        : Secured GET /users
2026-05-20T03:37:01.676-03:00 DEBUG 43073 --- [           main] o.s.s.w.a.AnonymousAuthenticationFilter  : Set SecurityContextHolder to anonymous SecurityContext
2026-05-20T03:37:01.676-03:00 DEBUG 43073 --- [           main] w.c.HttpSessionSecurityContextRepository : Did not store anonymous SecurityContext
2026-05-20T03:37:01.677-03:00 DEBUG 43073 --- [           main] w.c.HttpSessionSecurityContextRepository : Did not store anonymous SecurityContext
2026-05-20T03:37:01.679-03:00 DEBUG 43073 --- [           main] s.s.w.c.SecurityContextPersistenceFilter : Cleared SecurityContextHolder to complete request
]]></system-out>
  </testcase>
  <testcase name="testFindAll" classname="com.lucas.stackitem.controller.UsuarioControllerTest" time="0.12">
    <system-out><![CDATA[2026-05-20T03:37:01.776-03:00 DEBUG 43073 --- [           main] o.s.security.web.FilterChainProxy        : Securing GET /users
2026-05-20T03:37:01.777-03:00 DEBUG 43073 --- [           main] s.s.w.c.SecurityContextPersistenceFilter : Set SecurityContextHolder to empty SecurityContext
2026-05-20T03:37:01.778-03:00 DEBUG 43073 --- [           main] o.s.security.web.FilterChainProxy        : Secured GET /users
2026-05-20T03:37:01.888-03:00 DEBUG 43073 --- [           main] o.s.s.w.a.AnonymousAuthenticationFilter  : Set SecurityContextHolder to anonymous SecurityContext
2026-05-20T03:37:01.888-03:00 DEBUG 43073 --- [           main] w.c.HttpSessionSecurityContextRepository : Did not store anonymous SecurityContext
2026-05-20T03:37:01.889-03:00 DEBUG 43073 --- [           main] w.c.HttpSessionSecurityContextRepository : Did not store anonymous SecurityContext
2026-05-20T03:37:01.889-03:00 DEBUG 43073 --- [           main] s.s.w.c.SecurityContextPersistenceFilter : Cleared SecurityContextHolder to complete request
]]></system-out>
  </testcase>
  <testcase name="testLogin" classname="com.lucas.stackitem.controller.UsuarioControllerTest" time="0.082">
    <system-out><![CDATA[2026-05-20T03:37:01.903-03:00 DEBUG 43073 --- [           main] o.s.security.web.FilterChainProxy        : Securing POST /users/login
2026-05-20T03:37:01.903-03:00 DEBUG 43073 --- [           main] s.s.w.c.SecurityContextPersistenceFilter : Set SecurityContextHolder to empty SecurityContext
2026-05-20T03:37:01.904-03:00 DEBUG 43073 --- [           main] o.s.security.web.FilterChainProxy        : Secured POST /users/login
2026-05-20T03:37:01.972-03:00 DEBUG 43073 --- [           main] o.s.s.w.a.AnonymousAuthenticationFilter  : Set SecurityContextHolder to anonymous SecurityContext
2026-05-20T03:37:01.972-03:00 DEBUG 43073 --- [           main] w.c.HttpSessionSecurityContextRepository : Did not store anonymous SecurityContext
2026-05-20T03:37:01.972-03:00 DEBUG 43073 --- [           main] w.c.HttpSessionSecurityContextRepository : Did not store anonymous SecurityContext
2026-05-20T03:37:01.972-03:00 DEBUG 43073 --- [           main] s.s.w.c.SecurityContextPersistenceFilter : Cleared SecurityContextHolder to complete request
]]></system-out>
  </testcase>
  <testcase name="testFindById" classname="com.lucas.stackitem.controller.UsuarioControllerTest" time="0.024">
    <system-out><![CDATA[2026-05-20T03:37:01.987-03:00 DEBUG 43073 --- [           main] o.s.security.web.FilterChainProxy        : Securing GET /users/1
2026-05-20T03:37:01.987-03:00 DEBUG 43073 --- [           main] s.s.w.c.SecurityContextPersistenceFilter : Set SecurityContextHolder to empty SecurityContext
2026-05-20T03:37:01.988-03:00 DEBUG 43073 --- [           main] o.s.security.web.FilterChainProxy        : Secured GET /users/1
2026-05-20T03:37:02.002-03:00 DEBUG 43073 --- [           main] o.s.s.w.a.AnonymousAuthenticationFilter  : Set SecurityContextHolder to anonymous SecurityContext
2026-05-20T03:37:02.002-03:00 DEBUG 43073 --- [           main] w.c.HttpSessionSecurityContextRepository : Did not store anonymous SecurityContext
2026-05-20T03:37:02.003-03:00 DEBUG 43073 --- [           main] w.c.HttpSessionSecurityContextRepository : Did not store anonymous SecurityContext
2026-05-20T03:37:02.003-03:00 DEBUG 43073 --- [           main] s.s.w.c.SecurityContextPersistenceFilter : Cleared SecurityContextHolder to complete request
]]></system-out>
  </testcase>
  <testcase name="testFindByIdNotFound" classname="com.lucas.stackitem.controller.UsuarioControllerTest" time="0.011">
    <system-out><![CDATA[2026-05-20T03:37:02.011-03:00 DEBUG 43073 --- [           main] o.s.security.web.FilterChainProxy        : Securing GET /users/99
2026-05-20T03:37:02.011-03:00 DEBUG 43073 --- [           main] s.s.w.c.SecurityContextPersistenceFilter : Set SecurityContextHolder to empty SecurityContext
2026-05-20T03:37:02.012-03:00 DEBUG 43073 --- [           main] o.s.security.web.FilterChainProxy        : Secured GET /users/99
2026-05-20T03:37:02.015-03:00 DEBUG 43073 --- [           main] o.s.s.w.a.AnonymousAuthenticationFilter  : Set SecurityContextHolder to anonymous SecurityContext
2026-05-20T03:37:02.016-03:00 DEBUG 43073 --- [           main] w.c.HttpSessionSecurityContextRepository : Did not store anonymous SecurityContext
2026-05-20T03:37:02.016-03:00 DEBUG 43073 --- [           main] s.s.w.c.SecurityContextPersistenceFilter : Cleared SecurityContextHolder to complete request
]]></system-out>
  </testcase>
  <testcase name="testUploadImageError" classname="com.lucas.stackitem.controller.UsuarioControllerTest" time="0.046">
    <system-out><![CDATA[2026-05-20T03:37:02.031-03:00 DEBUG 43073 --- [           main] o.s.security.web.FilterChainProxy        : Securing POST /users/1/upload-image
2026-05-20T03:37:02.031-03:00 DEBUG 43073 --- [           main] s.s.w.c.SecurityContextPersistenceFilter : Set SecurityContextHolder to empty SecurityContext
2026-05-20T03:37:02.032-03:00 DEBUG 43073 --- [           main] o.s.security.web.FilterChainProxy        : Secured POST /users/1/upload-image
2026-05-20T03:37:02.058-03:00 DEBUG 43073 --- [           main] o.s.s.w.a.AnonymousAuthenticationFilter  : Set SecurityContextHolder to anonymous SecurityContext
2026-05-20T03:37:02.059-03:00 DEBUG 43073 --- [           main] w.c.HttpSessionSecurityContextRepository : Did not store anonymous SecurityContext
2026-05-20T03:37:02.059-03:00 DEBUG 43073 --- [           main] w.c.HttpSessionSecurityContextRepository : Did not store anonymous SecurityContext
2026-05-20T03:37:02.059-03:00 DEBUG 43073 --- [           main] s.s.w.c.SecurityContextPersistenceFilter : Cleared SecurityContextHolder to complete request
]]></system-out>
  </testcase>
  <testcase name="testUploadImage" classname="com.lucas.stackitem.controller.UsuarioControllerTest" time="0.014">
    <system-out><![CDATA[2026-05-20T03:37:02.075-03:00 DEBUG 43073 --- [           main] o.s.security.web.FilterChainProxy        : Securing POST /users/1/upload-image
2026-05-20T03:37:02.075-03:00 DEBUG 43073 --- [           main] s.s.w.c.SecurityContextPersistenceFilter : Set SecurityContextHolder to empty SecurityContext
2026-05-20T03:37:02.076-03:00 DEBUG 43073 --- [           main] o.s.security.web.FilterChainProxy        : Secured POST /users/1/upload-image
2026-05-20T03:37:02.078-03:00 DEBUG 43073 --- [           main] o.s.s.w.a.AnonymousAuthenticationFilter  : Set SecurityContextHolder to anonymous SecurityContext
2026-05-20T03:37:02.079-03:00 DEBUG 43073 --- [           main] w.c.HttpSessionSecurityContextRepository : Did not store anonymous SecurityContext
2026-05-20T03:37:02.079-03:00 DEBUG 43073 --- [           main] w.c.HttpSessionSecurityContextRepository : Did not store anonymous SecurityContext
2026-05-20T03:37:02.079-03:00 DEBUG 43073 --- [           main] s.s.w.c.SecurityContextPersistenceFilter : Cleared SecurityContextHolder to complete request
]]></system-out>
  </testcase>
  <testcase name="testUpdateNotFound" classname="com.lucas.stackitem.controller.UsuarioControllerTest" time="0.06">
    <system-out><![CDATA[2026-05-20T03:37:02.090-03:00 DEBUG 43073 --- [           main] o.s.security.web.FilterChainProxy        : Securing PUT /users/99
2026-05-20T03:37:02.090-03:00 DEBUG 43073 --- [           main] s.s.w.c.SecurityContextPersistenceFilter : Set SecurityContextHolder to empty SecurityContext
2026-05-20T03:37:02.091-03:00 DEBUG 43073 --- [           main] o.s.security.web.FilterChainProxy        : Secured PUT /users/99
2026-05-20T03:37:02.143-03:00 DEBUG 43073 --- [           main] o.s.s.w.a.AnonymousAuthenticationFilter  : Set SecurityContextHolder to anonymous SecurityContext
2026-05-20T03:37:02.143-03:00 DEBUG 43073 --- [           main] w.c.HttpSessionSecurityContextRepository : Did not store anonymous SecurityContext
2026-05-20T03:37:02.143-03:00 DEBUG 43073 --- [           main] s.s.w.c.SecurityContextPersistenceFilter : Cleared SecurityContextHolder to complete request
]]></system-out>
  </testcase>
  <testcase name="testCreate" classname="com.lucas.stackitem.controller.UsuarioControllerTest" time="0.019">
    <system-out><![CDATA[2026-05-20T03:37:02.154-03:00 DEBUG 43073 --- [           main] o.s.security.web.FilterChainProxy        : Securing POST /users
2026-05-20T03:37:02.154-03:00 DEBUG 43073 --- [           main] s.s.w.c.SecurityContextPersistenceFilter : Set SecurityContextHolder to empty SecurityContext
2026-05-20T03:37:02.156-03:00 DEBUG 43073 --- [           main] o.s.security.web.FilterChainProxy        : Secured POST /users
2026-05-20T03:37:02.161-03:00 DEBUG 43073 --- [           main] o.s.s.w.a.AnonymousAuthenticationFilter  : Set SecurityContextHolder to anonymous SecurityContext
2026-05-20T03:37:02.161-03:00 DEBUG 43073 --- [           main] w.c.HttpSessionSecurityContextRepository : Did not store anonymous SecurityContext
2026-05-20T03:37:02.162-03:00 DEBUG 43073 --- [           main] w.c.HttpSessionSecurityContextRepository : Did not store anonymous SecurityContext
2026-05-20T03:37:02.162-03:00 DEBUG 43073 --- [           main] s.s.w.c.SecurityContextPersistenceFilter : Cleared SecurityContextHolder to complete request
]]></system-out>
  </testcase>
  <testcase name="testDelete" classname="com.lucas.stackitem.controller.UsuarioControllerTest" time="0.01">
    <system-out><![CDATA[2026-05-20T03:37:02.174-03:00 DEBUG 43073 --- [           main] o.s.security.web.FilterChainProxy        : Securing DELETE /users/1
2026-05-20T03:37:02.175-03:00 DEBUG 43073 --- [           main] s.s.w.c.SecurityContextPersistenceFilter : Set SecurityContextHolder to empty SecurityContext
2026-05-20T03:37:02.175-03:00 DEBUG 43073 --- [           main] o.s.security.web.FilterChainProxy        : Secured DELETE /users/1
2026-05-20T03:37:02.177-03:00 DEBUG 43073 --- [           main] o.s.s.w.a.AnonymousAuthenticationFilter  : Set SecurityContextHolder to anonymous SecurityContext
2026-05-20T03:37:02.177-03:00 DEBUG 43073 --- [           main] w.c.HttpSessionSecurityContextRepository : Did not store anonymous SecurityContext
2026-05-20T03:37:02.177-03:00 DEBUG 43073 --- [           main] s.s.w.c.SecurityContextPersistenceFilter : Cleared SecurityContextHolder to complete request
]]></system-out>
  </testcase>
  <testcase name="testLoginInvalidCredentials" classname="com.lucas.stackitem.controller.UsuarioControllerTest" time="0.012">
    <system-out><![CDATA[2026-05-20T03:37:02.187-03:00 DEBUG 43073 --- [           main] o.s.security.web.FilterChainProxy        : Securing POST /users/login
2026-05-20T03:37:02.187-03:00 DEBUG 43073 --- [           main] s.s.w.c.SecurityContextPersistenceFilter : Set SecurityContextHolder to empty SecurityContext
2026-05-20T03:37:02.188-03:00 DEBUG 43073 --- [           main] o.s.security.web.FilterChainProxy        : Secured POST /users/login
2026-05-20T03:37:02.192-03:00 DEBUG 43073 --- [           main] o.s.s.w.a.AnonymousAuthenticationFilter  : Set SecurityContextHolder to anonymous SecurityContext
2026-05-20T03:37:02.192-03:00 DEBUG 43073 --- [           main] w.c.HttpSessionSecurityContextRepository : Did not store anonymous SecurityContext
2026-05-20T03:37:02.192-03:00 DEBUG 43073 --- [           main] s.s.w.c.SecurityContextPersistenceFilter : Cleared SecurityContextHolder to complete request
]]></system-out>
  </testcase>
  <testcase name="testUpdate" classname="com.lucas.stackitem.controller.UsuarioControllerTest" time="0.012">
    <system-out><![CDATA[2026-05-20T03:37:02.202-03:00 DEBUG 43073 --- [           main] o.s.security.web.FilterChainProxy        : Securing PUT /users/1
2026-05-20T03:37:02.202-03:00 DEBUG 43073 --- [           main] s.s.w.c.SecurityContextPersistenceFilter : Set SecurityContextHolder to empty SecurityContext
2026-05-20T03:37:02.202-03:00 DEBUG 43073 --- [           main] o.s.security.web.FilterChainProxy        : Secured PUT /users/1
2026-05-20T03:37:02.205-03:00 DEBUG 43073 --- [           main] o.s.s.w.a.AnonymousAuthenticationFilter  : Set SecurityContextHolder to anonymous SecurityContext
2026-05-20T03:37:02.206-03:00 DEBUG 43073 --- [           main] w.c.HttpSessionSecurityContextRepository : Did not store anonymous SecurityContext
2026-05-20T03:37:02.206-03:00 DEBUG 43073 --- [           main] w.c.HttpSessionSecurityContextRepository : Did not store anonymous SecurityContext
2026-05-20T03:37:02.206-03:00 DEBUG 43073 --- [           main] s.s.w.c.SecurityContextPersistenceFilter : Cleared SecurityContextHolder to complete request
]]></system-out>
  </testcase>
</testsuite>