<?xml version="1.0" encoding="UTF-8"?>
<testsuite xmlns:xsi="http://www.w3.org/2001/XMLSchema-instance" xsi:noNamespaceSchemaLocation="https://maven.apache.org/surefire/maven-surefire-plugin/xsd/surefire-test-report-3.0.xsd" version="3.0" name="com.lucas.stackitem.controller.TagControllerTest" time="1.893" tests="9" errors="0" skipped="0" failures="0">
  <properties>
[...]
</properties>
  <testcase name="testDeleteNotFound" classname="com.lucas.stackitem.controller.TagControllerTest" time="0.051">
    <system-out><![CDATA[
  .   ____          _            __ _ _
 /\\ / ___'_ __ _ _(_)_ __  __ _ \ \ \ \
( ( )\___ | '_ | '_| | '_ \/ _` | \ \ \ \
 \\/  ___)| |_)| | | | | || (_| |  ) ) ) )
  '  |____| .__|_| |_|_| |_\__, | / / / /
 =========|_|==============|___/=/_/_/_/
 :: Spring Boot ::                (v3.2.0)

2026-05-15T17:18:14.419-03:00  INFO 110154 --- [           main] c.l.s.controller.TagControllerTest       : Starting TagControllerTest using Java 21.0.11 with PID 110154 (started by lucas in /home/lucas/git/stackItem)
2026-05-15T17:18:14.419-03:00 DEBUG 110154 --- [           main] c.l.s.controller.TagControllerTest       : Running with Spring Boot v3.2.0, Spring v6.1.1
2026-05-15T17:18:14.420-03:00  INFO 110154 --- [           main] c.l.s.controller.TagControllerTest       : No active profile set, falling back to 1 default profile: "default"
2026-05-15T17:18:15.590-03:00  INFO 110154 --- [           main] o.s.s.web.DefaultSecurityFilterChain     : Will secure any request with [org.springframework.security.web.session.DisableEncodeUrlFilter@2e934025, org.springframework.security.web.context.request.async.WebAsyncManagerIntegrationFilter@3c21931c, org.springframework.security.web.context.SecurityContextPersistenceFilter@37b0f891, org.springframework.security.web.header.HeaderWriterFilter@e0ce4da, org.springframework.web.filter.CorsFilter@54c784fd, org.springframework.security.web.authentication.logout.LogoutFilter@757b4a19, org.springframework.security.web.savedrequest.RequestCacheAwareFilter@53050468, org.springframework.security.web.servletapi.SecurityContextHolderAwareRequestFilter@2cfc5d3e, org.springframework.security.web.authentication.AnonymousAuthenticationFilter@635396b8, org.springframework.security.web.access.ExceptionTranslationFilter@156d4d63, org.springframework.security.web.access.intercept.AuthorizationFilter@577c0be6]
2026-05-15T17:18:15.773-03:00  INFO 110154 --- [           main] c.l.s.controller.TagControllerTest       : Started TagControllerTest in 1.532 seconds (process running for 32.568)
2026-05-15T17:18:15.809-03:00 DEBUG 110154 --- [           main] o.s.security.web.FilterChainProxy        : Securing DELETE /tags/99
2026-05-15T17:18:15.811-03:00 DEBUG 110154 --- [           main] s.s.w.c.SecurityContextPersistenceFilter : Set SecurityContextHolder to empty SecurityContext
2026-05-15T17:18:15.813-03:00 DEBUG 110154 --- [           main] o.s.security.web.FilterChainProxy        : Secured DELETE /tags/99
2026-05-15T17:18:15.828-03:00 DEBUG 110154 --- [           main] o.s.s.w.a.AnonymousAuthenticationFilter  : Set SecurityContextHolder to anonymous SecurityContext
2026-05-15T17:18:15.830-03:00 DEBUG 110154 --- [           main] w.c.HttpSessionSecurityContextRepository : Did not store anonymous SecurityContext
2026-05-15T17:18:15.830-03:00 DEBUG 110154 --- [           main] s.s.w.c.SecurityContextPersistenceFilter : Cleared SecurityContextHolder to complete request
]]></system-out>
  </testcase>
  <testcase name="testFindAllEmpty" classname="com.lucas.stackitem.controller.TagControllerTest" time="0.032">
    <system-out><![CDATA[2026-05-15T17:18:15.860-03:00 DEBUG 110154 --- [           main] o.s.security.web.FilterChainProxy        : Securing GET /tags
2026-05-15T17:18:15.860-03:00 DEBUG 110154 --- [           main] s.s.w.c.SecurityContextPersistenceFilter : Set SecurityContextHolder to empty SecurityContext
2026-05-15T17:18:15.861-03:00 DEBUG 110154 --- [           main] o.s.security.web.FilterChainProxy        : Secured GET /tags
2026-05-15T17:18:15.869-03:00 DEBUG 110154 --- [           main] o.s.s.w.a.AnonymousAuthenticationFilter  : Set SecurityContextHolder to anonymous SecurityContext
2026-05-15T17:18:15.870-03:00 DEBUG 110154 --- [           main] w.c.HttpSessionSecurityContextRepository : Did not store anonymous SecurityContext
2026-05-15T17:18:15.870-03:00 DEBUG 110154 --- [           main] w.c.HttpSessionSecurityContextRepository : Did not store anonymous SecurityContext
2026-05-15T17:18:15.871-03:00 DEBUG 110154 --- [           main] s.s.w.c.SecurityContextPersistenceFilter : Cleared SecurityContextHolder to complete request
]]></system-out>
  </testcase>
  <testcase name="testFindAll" classname="com.lucas.stackitem.controller.TagControllerTest" time="0.032">
    <system-out><![CDATA[2026-05-15T17:18:15.892-03:00 DEBUG 110154 --- [           main] o.s.security.web.FilterChainProxy        : Securing GET /tags
2026-05-15T17:18:15.895-03:00 DEBUG 110154 --- [           main] s.s.w.c.SecurityContextPersistenceFilter : Set SecurityContextHolder to empty SecurityContext
2026-05-15T17:18:15.898-03:00 DEBUG 110154 --- [           main] o.s.security.web.FilterChainProxy        : Secured GET /tags
2026-05-15T17:18:15.907-03:00 DEBUG 110154 --- [           main] o.s.s.w.a.AnonymousAuthenticationFilter  : Set SecurityContextHolder to anonymous SecurityContext
2026-05-15T17:18:15.907-03:00 DEBUG 110154 --- [           main] w.c.HttpSessionSecurityContextRepository : Did not store anonymous SecurityContext
2026-05-15T17:18:15.908-03:00 DEBUG 110154 --- [           main] w.c.HttpSessionSecurityContextRepository : Did not store anonymous SecurityContext
2026-05-15T17:18:15.908-03:00 DEBUG 110154 --- [           main] s.s.w.c.SecurityContextPersistenceFilter : Cleared SecurityContextHolder to complete request
]]></system-out>
  </testcase>
  <testcase name="testFindById" classname="com.lucas.stackitem.controller.TagControllerTest" time="0.023">
    <system-out><![CDATA[2026-05-15T17:18:15.926-03:00 DEBUG 110154 --- [           main] o.s.security.web.FilterChainProxy        : Securing GET /tags/1
2026-05-15T17:18:15.926-03:00 DEBUG 110154 --- [           main] s.s.w.c.SecurityContextPersistenceFilter : Set SecurityContextHolder to empty SecurityContext
2026-05-15T17:18:15.927-03:00 DEBUG 110154 --- [           main] o.s.security.web.FilterChainProxy        : Secured GET /tags/1
2026-05-15T17:18:15.936-03:00 DEBUG 110154 --- [           main] o.s.s.w.a.AnonymousAuthenticationFilter  : Set SecurityContextHolder to anonymous SecurityContext
2026-05-15T17:18:15.937-03:00 DEBUG 110154 --- [           main] w.c.HttpSessionSecurityContextRepository : Did not store anonymous SecurityContext
2026-05-15T17:18:15.937-03:00 DEBUG 110154 --- [           main] w.c.HttpSessionSecurityContextRepository : Did not store anonymous SecurityContext
2026-05-15T17:18:15.937-03:00 DEBUG 110154 --- [           main] s.s.w.c.SecurityContextPersistenceFilter : Cleared SecurityContextHolder to complete request
]]></system-out>
  </testcase>
  <testcase name="testFindByIdNotFound" classname="com.lucas.stackitem.controller.TagControllerTest" time="0.018">
    <system-out><![CDATA[2026-05-15T17:18:15.955-03:00 DEBUG 110154 --- [           main] o.s.security.web.FilterChainProxy        : Securing GET /tags/99
2026-05-15T17:18:15.956-03:00 DEBUG 110154 --- [           main] s.s.w.c.SecurityContextPersistenceFilter : Set SecurityContextHolder to empty SecurityContext
2026-05-15T17:18:15.957-03:00 DEBUG 110154 --- [           main] o.s.security.web.FilterChainProxy        : Secured GET /tags/99
2026-05-15T17:18:15.959-03:00 DEBUG 110154 --- [           main] o.s.s.w.a.AnonymousAuthenticationFilter  : Set SecurityContextHolder to anonymous SecurityContext
2026-05-15T17:18:15.960-03:00 DEBUG 110154 --- [           main] w.c.HttpSessionSecurityContextRepository : Did not store anonymous SecurityContext
2026-05-15T17:18:15.960-03:00 DEBUG 110154 --- [           main] s.s.w.c.SecurityContextPersistenceFilter : Cleared SecurityContextHolder to complete request
]]></system-out>
  </testcase>
  <testcase name="testUpdateNotFound" classname="com.lucas.stackitem.controller.TagControllerTest" time="0.026">
    <system-out><![CDATA[2026-05-15T17:18:15.978-03:00 DEBUG 110154 --- [           main] o.s.security.web.FilterChainProxy        : Securing PUT /tags/99
2026-05-15T17:18:15.979-03:00 DEBUG 110154 --- [           main] s.s.w.c.SecurityContextPersistenceFilter : Set SecurityContextHolder to empty SecurityContext
2026-05-15T17:18:15.980-03:00 DEBUG 110154 --- [           main] o.s.security.web.FilterChainProxy        : Secured PUT /tags/99
2026-05-15T17:18:15.988-03:00 DEBUG 110154 --- [           main] o.s.s.w.a.AnonymousAuthenticationFilter  : Set SecurityContextHolder to anonymous SecurityContext
2026-05-15T17:18:15.989-03:00 DEBUG 110154 --- [           main] w.c.HttpSessionSecurityContextRepository : Did not store anonymous SecurityContext
2026-05-15T17:18:15.989-03:00 DEBUG 110154 --- [           main] s.s.w.c.SecurityContextPersistenceFilter : Cleared SecurityContextHolder to complete request
]]></system-out>
  </testcase>
  <testcase name="testCreate" classname="com.lucas.stackitem.controller.TagControllerTest" time="0.023">
    <system-out><![CDATA[2026-05-15T17:18:16.010-03:00 DEBUG 110154 --- [           main] o.s.security.web.FilterChainProxy        : Securing POST /tags
2026-05-15T17:18:16.010-03:00 DEBUG 110154 --- [           main] s.s.w.c.SecurityContextPersistenceFilter : Set SecurityContextHolder to empty SecurityContext
2026-05-15T17:18:16.011-03:00 DEBUG 110154 --- [           main] o.s.security.web.FilterChainProxy        : Secured POST /tags
2026-05-15T17:18:16.017-03:00 DEBUG 110154 --- [           main] o.s.s.w.a.AnonymousAuthenticationFilter  : Set SecurityContextHolder to anonymous SecurityContext
2026-05-15T17:18:16.018-03:00 DEBUG 110154 --- [           main] w.c.HttpSessionSecurityContextRepository : Did not store anonymous SecurityContext
2026-05-15T17:18:16.018-03:00 DEBUG 110154 --- [           main] w.c.HttpSessionSecurityContextRepository : Did not store anonymous SecurityContext
2026-05-15T17:18:16.019-03:00 DEBUG 110154 --- [           main] s.s.w.c.SecurityContextPersistenceFilter : Cleared SecurityContextHolder to complete request
]]></system-out>
  </testcase>
  <testcase name="testDelete" classname="com.lucas.stackitem.controller.TagControllerTest" time="0.024">
    <system-out><![CDATA[2026-05-15T17:18:16.038-03:00 DEBUG 110154 --- [           main] o.s.security.web.FilterChainProxy        : Securing DELETE /tags/1
2026-05-15T17:18:16.039-03:00 DEBUG 110154 --- [           main] s.s.w.c.SecurityContextPersistenceFilter : Set SecurityContextHolder to empty SecurityContext
2026-05-15T17:18:16.040-03:00 DEBUG 110154 --- [           main] o.s.security.web.FilterChainProxy        : Secured DELETE /tags/1
2026-05-15T17:18:16.042-03:00 DEBUG 110154 --- [           main] o.s.s.w.a.AnonymousAuthenticationFilter  : Set SecurityContextHolder to anonymous SecurityContext
2026-05-15T17:18:16.043-03:00 DEBUG 110154 --- [           main] w.c.HttpSessionSecurityContextRepository : Did not store anonymous SecurityContext
2026-05-15T17:18:16.043-03:00 DEBUG 110154 --- [           main] s.s.w.c.SecurityContextPersistenceFilter : Cleared SecurityContextHolder to complete request
]]></system-out>
  </testcase>
  <testcase name="testUpdate" classname="com.lucas.stackitem.controller.TagControllerTest" time="0.023">
    <system-out><![CDATA[2026-05-15T17:18:16.063-03:00 DEBUG 110154 --- [           main] o.s.security.web.FilterChainProxy        : Securing PUT /tags/1
2026-05-15T17:18:16.068-03:00 DEBUG 110154 --- [           main] s.s.w.c.SecurityContextPersistenceFilter : Set SecurityContextHolder to empty SecurityContext
2026-05-15T17:18:16.069-03:00 DEBUG 110154 --- [           main] o.s.security.web.FilterChainProxy        : Secured PUT /tags/1
2026-05-15T17:18:16.073-03:00 DEBUG 110154 --- [           main] o.s.s.w.a.AnonymousAuthenticationFilter  : Set SecurityContextHolder to anonymous SecurityContext
2026-05-15T17:18:16.073-03:00 DEBUG 110154 --- [           main] w.c.HttpSessionSecurityContextRepository : Did not store anonymous SecurityContext
2026-05-15T17:18:16.073-03:00 DEBUG 110154 --- [           main] w.c.HttpSessionSecurityContextRepository : Did not store anonymous SecurityContext
2026-05-15T17:18:16.073-03:00 DEBUG 110154 --- [           main] s.s.w.c.SecurityContextPersistenceFilter : Cleared SecurityContextHolder to complete request
]]></system-out>
  </testcase>
</testsuite>